CBMC version 6.8.0 (cbmc-6.8.0) 64-bit x86_64 windows
Type-checking string_utils
Type-checking tc02_safe_copy_exact_fit
Generating GOTO Program
Adding CPROVER library (x86_64)
Removal of function pointers and virtual functions
Generic Property Instrumentation
Starting Bounded Model Checking

** Results:
E:\Testter\BAOCAOTESTNEW\CBMC_QA\CBMC_QA_Auto_Project\src\string_utils.c function buggy_copy_off_by_one
[buggy_copy_off_by_one.pointer_dereference.1] line 181 dereference failure: pointer NULL in src[(signed long long int)i]: SUCCESS
[buggy_copy_off_by_one.pointer_dereference.2] line 181 dereference failure: pointer invalid in src[(signed long long int)i]: SUCCESS
[buggy_copy_off_by_one.pointer_dereference.3] line 181 dereference failure: deallocated dynamic object in src[(signed long long int)i]: SUCCESS
[buggy_copy_off_by_one.pointer_dereference.4] line 181 dereference failure: dead object in src[(signed long long int)i]: SUCCESS
[buggy_copy_off_by_one.pointer_dereference.5] line 181 dereference failure: pointer outside object bounds in src[(signed long long int)i]: SUCCESS
[buggy_copy_off_by_one.pointer_dereference.6] line 181 dereference failure: invalid integer address in src[(signed long long int)i]: SUCCESS
[buggy_copy_off_by_one.pointer_dereference.7] line 183 dereference failure: pointer NULL in dst[(signed long long int)i]: SUCCESS
[buggy_copy_off_by_one.pointer_dereference.8] line 183 dereference failure: pointer invalid in dst[(signed long long int)i]: SUCCESS
[buggy_copy_off_by_one.pointer_dereference.9] line 183 dereference failure: deallocated dynamic object in dst[(signed long long int)i]: SUCCESS
[buggy_copy_off_by_one.pointer_dereference.10] line 183 dereference failure: dead object in dst[(signed long long int)i]: SUCCESS
[buggy_copy_off_by_one.pointer_dereference.11] line 183 dereference failure: pointer outside object bounds in dst[(signed long long int)i]: SUCCESS
[buggy_copy_off_by_one.pointer_dereference.12] line 183 dereference failure: invalid integer address in dst[(signed long long int)i]: SUCCESS
[buggy_copy_off_by_one.pointer_dereference.13] line 183 dereference failure: pointer NULL in src[(signed long long int)i]: SUCCESS
[buggy_copy_off_by_one.pointer_dereference.14] line 183 dereference failure: pointer invalid in src[(signed long long int)i]: SUCCESS
[buggy_copy_off_by_one.pointer_dereference.15] line 183 dereference failure: deallocated dynamic object in src[(signed long long int)i]: SUCCESS
[buggy_copy_off_by_one.pointer_dereference.16] line 183 dereference failure: dead object in src[(signed long long int)i]: SUCCESS
[buggy_copy_off_by_one.pointer_dereference.17] line 183 dereference failure: pointer outside object bounds in src[(signed long long int)i]: SUCCESS
[buggy_copy_off_by_one.pointer_dereference.18] line 183 dereference failure: invalid integer address in src[(signed long long int)i]: SUCCESS
[buggy_copy_off_by_one.pointer_dereference.19] line 187 dereference failure: pointer NULL in dst[(signed long long int)dst_size]: SUCCESS
[buggy_copy_off_by_one.pointer_dereference.20] line 187 dereference failure: pointer invalid in dst[(signed long long int)dst_size]: SUCCESS
[buggy_copy_off_by_one.pointer_dereference.21] line 187 dereference failure: deallocated dynamic object in dst[(signed long long int)dst_size]: SUCCESS
[buggy_copy_off_by_one.pointer_dereference.22] line 187 dereference failure: dead object in dst[(signed long long int)dst_size]: SUCCESS
[buggy_copy_off_by_one.pointer_dereference.23] line 187 dereference failure: pointer outside object bounds in dst[(signed long long int)dst_size]: SUCCESS
[buggy_copy_off_by_one.pointer_dereference.24] line 187 dereference failure: invalid integer address in dst[(signed long long int)dst_size]: SUCCESS

E:\Testter\BAOCAOTESTNEW\CBMC_QA\CBMC_QA_Auto_Project\src\string_utils.c function no_null_terminate_copy
[no_null_terminate_copy.pointer_dereference.1] line 207 dereference failure: pointer NULL in dst[(signed long long int)i]: SUCCESS
[no_null_terminate_copy.pointer_dereference.2] line 207 dereference failure: pointer invalid in dst[(signed long long int)i]: SUCCESS
[no_null_terminate_copy.pointer_dereference.3] line 207 dereference failure: deallocated dynamic object in dst[(signed long long int)i]: SUCCESS
[no_null_terminate_copy.pointer_dereference.4] line 207 dereference failure: dead object in dst[(signed long long int)i]: SUCCESS
[no_null_terminate_copy.pointer_dereference.5] line 207 dereference failure: pointer outside object bounds in dst[(signed long long int)i]: SUCCESS
[no_null_terminate_copy.pointer_dereference.6] line 207 dereference failure: invalid integer address in dst[(signed long long int)i]: SUCCESS
[no_null_terminate_copy.pointer_dereference.7] line 207 dereference failure: pointer NULL in src[(signed long long int)i]: SUCCESS
[no_null_terminate_copy.pointer_dereference.8] line 207 dereference failure: pointer invalid in src[(signed long long int)i]: SUCCESS
[no_null_terminate_copy.pointer_dereference.9] line 207 dereference failure: deallocated dynamic object in src[(signed long long int)i]: SUCCESS
[no_null_terminate_copy.pointer_dereference.10] line 207 dereference failure: dead object in src[(signed long long int)i]: SUCCESS
[no_null_terminate_copy.pointer_dereference.11] line 207 dereference failure: pointer outside object bounds in src[(signed long long int)i]: SUCCESS
[no_null_terminate_copy.pointer_dereference.12] line 207 dereference failure: invalid integer address in src[(signed long long int)i]: SUCCESS

E:\Testter\BAOCAOTESTNEW\CBMC_QA\CBMC_QA_Auto_Project\src\string_utils.c function safe_str_concat
[safe_str_concat.pointer_dereference.1] line 74 dereference failure: pointer NULL in dst[(signed long long int)dlen]: SUCCESS
[safe_str_concat.pointer_dereference.2] line 74 dereference failure: pointer invalid in dst[(signed long long int)dlen]: SUCCESS
[safe_str_concat.pointer_dereference.3] line 74 dereference failure: deallocated dynamic object in dst[(signed long long int)dlen]: SUCCESS
[safe_str_concat.pointer_dereference.4] line 74 dereference failure: dead object in dst[(signed long long int)dlen]: SUCCESS
[safe_str_concat.pointer_dereference.5] line 74 dereference failure: pointer outside object bounds in dst[(signed long long int)dlen]: SUCCESS
[safe_str_concat.pointer_dereference.6] line 74 dereference failure: invalid integer address in dst[(signed long long int)dlen]: SUCCESS
[safe_str_concat.pointer_dereference.7] line 88 dereference failure: pointer NULL in src[(signed long long int)0]: SUCCESS
[safe_str_concat.pointer_dereference.8] line 88 dereference failure: pointer invalid in src[(signed long long int)0]: SUCCESS
[safe_str_concat.pointer_dereference.9] line 88 dereference failure: deallocated dynamic object in src[(signed long long int)0]: SUCCESS
[safe_str_concat.pointer_dereference.10] line 88 dereference failure: dead object in src[(signed long long int)0]: SUCCESS
[safe_str_concat.pointer_dereference.11] line 88 dereference failure: pointer outside object bounds in src[(signed long long int)0]: SUCCESS
[safe_str_concat.pointer_dereference.12] line 88 dereference failure: invalid integer address in src[(signed long long int)0]: SUCCESS
[safe_str_concat.pointer_dereference.13] line 92 dereference failure: pointer NULL in src[(signed long long int)i]: SUCCESS
[safe_str_concat.pointer_dereference.14] line 92 dereference failure: pointer invalid in src[(signed long long int)i]: SUCCESS
[safe_str_concat.pointer_dereference.15] line 92 dereference failure: deallocated dynamic object in src[(signed long long int)i]: SUCCESS
[safe_str_concat.pointer_dereference.16] line 92 dereference failure: dead object in src[(signed long long int)i]: SUCCESS
[safe_str_concat.pointer_dereference.17] line 92 dereference failure: pointer outside object bounds in src[(signed long long int)i]: SUCCESS
[safe_str_concat.pointer_dereference.18] line 92 dereference failure: invalid integer address in src[(signed long long int)i]: SUCCESS
[safe_str_concat.pointer_dereference.19] line 94 dereference failure: pointer NULL in dst[(signed long long int)dlen]: SUCCESS
[safe_str_concat.pointer_dereference.20] line 94 dereference failure: pointer invalid in dst[(signed long long int)dlen]: SUCCESS
[safe_str_concat.pointer_dereference.21] line 94 dereference failure: deallocated dynamic object in dst[(signed long long int)dlen]: SUCCESS
[safe_str_concat.pointer_dereference.22] line 94 dereference failure: dead object in dst[(signed long long int)dlen]: SUCCESS
[safe_str_concat.pointer_dereference.23] line 94 dereference failure: pointer outside object bounds in dst[(signed long long int)dlen]: SUCCESS
[safe_str_concat.pointer_dereference.24] line 94 dereference failure: invalid integer address in dst[(signed long long int)dlen]: SUCCESS
[safe_str_concat.pointer_dereference.25] line 94 dereference failure: pointer NULL in src[(signed long long int)i]: SUCCESS
[safe_str_concat.pointer_dereference.26] line 94 dereference failure: pointer invalid in src[(signed long long int)i]: SUCCESS
[safe_str_concat.pointer_dereference.27] line 94 dereference failure: deallocated dynamic object in src[(signed long long int)i]: SUCCESS
[safe_str_concat.pointer_dereference.28] line 94 dereference failure: dead object in src[(signed long long int)i]: SUCCESS
[safe_str_concat.pointer_dereference.29] line 94 dereference failure: pointer outside object bounds in src[(signed long long int)i]: SUCCESS
[safe_str_concat.pointer_dereference.30] line 94 dereference failure: invalid integer address in src[(signed long long int)i]: SUCCESS
[safe_str_concat.pointer_dereference.31] line 99 dereference failure: pointer NULL in dst[(signed long long int)dlen]: SUCCESS
[safe_str_concat.pointer_dereference.32] line 99 dereference failure: pointer invalid in dst[(signed long long int)dlen]: SUCCESS
[safe_str_concat.pointer_dereference.33] line 99 dereference failure: deallocated dynamic object in dst[(signed long long int)dlen]: SUCCESS
[safe_str_concat.pointer_dereference.34] line 99 dereference failure: dead object in dst[(signed long long int)dlen]: SUCCESS
[safe_str_concat.pointer_dereference.35] line 99 dereference failure: pointer outside object bounds in dst[(signed long long int)dlen]: SUCCESS
[safe_str_concat.pointer_dereference.36] line 99 dereference failure: invalid integer address in dst[(signed long long int)dlen]: SUCCESS
[safe_str_concat.pointer_dereference.37] line 101 dereference failure: pointer NULL in src[(signed long long int)i]: SUCCESS
[safe_str_concat.pointer_dereference.38] line 101 dereference failure: pointer invalid in src[(signed long long int)i]: SUCCESS
[safe_str_concat.pointer_dereference.39] line 101 dereference failure: deallocated dynamic object in src[(signed long long int)i]: SUCCESS
[safe_str_concat.pointer_dereference.40] line 101 dereference failure: dead object in src[(signed long long int)i]: SUCCESS
[safe_str_concat.pointer_dereference.41] line 101 dereference failure: pointer outside object bounds in src[(signed long long int)i]: SUCCESS
[safe_str_concat.pointer_dereference.42] line 101 dereference failure: invalid integer address in src[(signed long long int)i]: SUCCESS

E:\Testter\BAOCAOTESTNEW\CBMC_QA\CBMC_QA_Auto_Project\src\string_utils.c function safe_str_copy
[safe_str_copy.pointer_dereference.1] line 40 dereference failure: pointer NULL in src[(signed long long int)i]: SUCCESS
[safe_str_copy.pointer_dereference.2] line 40 dereference failure: pointer invalid in src[(signed long long int)i]: SUCCESS
[safe_str_copy.pointer_dereference.3] line 40 dereference failure: deallocated dynamic object in src[(signed long long int)i]: SUCCESS
[safe_str_copy.pointer_dereference.4] line 40 dereference failure: dead object in src[(signed long long int)i]: SUCCESS
[safe_str_copy.pointer_dereference.5] line 40 dereference failure: pointer outside object bounds in src[(signed long long int)i]: SUCCESS
[safe_str_copy.pointer_dereference.6] line 40 dereference failure: invalid integer address in src[(signed long long int)i]: SUCCESS
[safe_str_copy.pointer_dereference.7] line 42 dereference failure: pointer NULL in dst[(signed long long int)i]: SUCCESS
[safe_str_copy.pointer_dereference.8] line 42 dereference failure: pointer invalid in dst[(signed long long int)i]: SUCCESS
[safe_str_copy.pointer_dereference.9] line 42 dereference failure: deallocated dynamic object in dst[(signed long long int)i]: SUCCESS
[safe_str_copy.pointer_dereference.10] line 42 dereference failure: dead object in dst[(signed long long int)i]: SUCCESS
[safe_str_copy.pointer_dereference.11] line 42 dereference failure: pointer outside object bounds in dst[(signed long long int)i]: SUCCESS
[safe_str_copy.pointer_dereference.12] line 42 dereference failure: invalid integer address in dst[(signed long long int)i]: SUCCESS
[safe_str_copy.pointer_dereference.13] line 42 dereference failure: pointer NULL in src[(signed long long int)i]: SUCCESS
[safe_str_copy.pointer_dereference.14] line 42 dereference failure: pointer invalid in src[(signed long long int)i]: SUCCESS
[safe_str_copy.pointer_dereference.15] line 42 dereference failure: deallocated dynamic object in src[(signed long long int)i]: SUCCESS
[safe_str_copy.pointer_dereference.16] line 42 dereference failure: dead object in src[(signed long long int)i]: SUCCESS
[safe_str_copy.pointer_dereference.17] line 42 dereference failure: pointer outside object bounds in src[(signed long long int)i]: SUCCESS
[safe_str_copy.pointer_dereference.18] line 42 dereference failure: invalid integer address in src[(signed long long int)i]: SUCCESS
[safe_str_copy.pointer_dereference.19] line 47 dereference failure: pointer NULL in dst[(signed long long int)i]: SUCCESS
[safe_str_copy.pointer_dereference.20] line 47 dereference failure: pointer invalid in dst[(signed long long int)i]: SUCCESS
[safe_str_copy.pointer_dereference.21] line 47 dereference failure: deallocated dynamic object in dst[(signed long long int)i]: SUCCESS
[safe_str_copy.pointer_dereference.22] line 47 dereference failure: dead object in dst[(signed long long int)i]: SUCCESS
[safe_str_copy.pointer_dereference.23] line 47 dereference failure: pointer outside object bounds in dst[(signed long long int)i]: SUCCESS
[safe_str_copy.pointer_dereference.24] line 47 dereference failure: invalid integer address in dst[(signed long long int)i]: SUCCESS
[safe_str_copy.pointer_dereference.25] line 50 dereference failure: pointer NULL in src[(signed long long int)i]: SUCCESS
[safe_str_copy.pointer_dereference.26] line 50 dereference failure: pointer invalid in src[(signed long long int)i]: SUCCESS
[safe_str_copy.pointer_dereference.27] line 50 dereference failure: deallocated dynamic object in src[(signed long long int)i]: SUCCESS
[safe_str_copy.pointer_dereference.28] line 50 dereference failure: dead object in src[(signed long long int)i]: SUCCESS
[safe_str_copy.pointer_dereference.29] line 50 dereference failure: pointer outside object bounds in src[(signed long long int)i]: SUCCESS
[safe_str_copy.pointer_dereference.30] line 50 dereference failure: invalid integer address in src[(signed long long int)i]: SUCCESS

E:\Testter\BAOCAOTESTNEW\CBMC_QA\CBMC_QA_Auto_Project\src\string_utils.c function unsafe_str_concat
[unsafe_str_concat.pointer_dereference.1] line 159 dereference failure: pointer NULL in dst[(signed long long int)(dlen + i)]: SUCCESS
[unsafe_str_concat.pointer_dereference.2] line 159 dereference failure: pointer invalid in dst[(signed long long int)(dlen + i)]: SUCCESS
[unsafe_str_concat.pointer_dereference.3] line 159 dereference failure: deallocated dynamic object in dst[(signed long long int)(dlen + i)]: SUCCESS
[unsafe_str_concat.pointer_dereference.4] line 159 dereference failure: dead object in dst[(signed long long int)(dlen + i)]: SUCCESS
[unsafe_str_concat.pointer_dereference.5] line 159 dereference failure: pointer outside object bounds in dst[(signed long long int)(dlen + i)]: SUCCESS
[unsafe_str_concat.pointer_dereference.6] line 159 dereference failure: invalid integer address in dst[(signed long long int)(dlen + i)]: SUCCESS
[unsafe_str_concat.pointer_dereference.7] line 159 dereference failure: pointer NULL in src[(signed long long int)i]: SUCCESS
[unsafe_str_concat.pointer_dereference.8] line 159 dereference failure: pointer invalid in src[(signed long long int)i]: SUCCESS
[unsafe_str_concat.pointer_dereference.9] line 159 dereference failure: deallocated dynamic object in src[(signed long long int)i]: SUCCESS
[unsafe_str_concat.pointer_dereference.10] line 159 dereference failure: dead object in src[(signed long long int)i]: SUCCESS
[unsafe_str_concat.pointer_dereference.11] line 159 dereference failure: pointer outside object bounds in src[(signed long long int)i]: SUCCESS
[unsafe_str_concat.pointer_dereference.12] line 159 dereference failure: invalid integer address in src[(signed long long int)i]: SUCCESS
[unsafe_str_concat.pointer_dereference.13] line 160 dereference failure: pointer NULL in src[(signed long long int)i]: SUCCESS
[unsafe_str_concat.pointer_dereference.14] line 160 dereference failure: pointer invalid in src[(signed long long int)i]: SUCCESS
[unsafe_str_concat.pointer_dereference.15] line 160 dereference failure: deallocated dynamic object in src[(signed long long int)i]: SUCCESS
[unsafe_str_concat.pointer_dereference.16] line 160 dereference failure: dead object in src[(signed long long int)i]: SUCCESS
[unsafe_str_concat.pointer_dereference.17] line 160 dereference failure: pointer outside object bounds in src[(signed long long int)i]: SUCCESS
[unsafe_str_concat.pointer_dereference.18] line 160 dereference failure: invalid integer address in src[(signed long long int)i]: SUCCESS

E:\Testter\BAOCAOTESTNEW\CBMC_QA\CBMC_QA_Auto_Project\src\string_utils.c function unsafe_str_copy
[unsafe_str_copy.pointer_dereference.1] line 138 dereference failure: pointer NULL in dst[(signed long long int)i]: SUCCESS
[unsafe_str_copy.pointer_dereference.2] line 138 dereference failure: pointer invalid in dst[(signed long long int)i]: SUCCESS
[unsafe_str_copy.pointer_dereference.3] line 138 dereference failure: deallocated dynamic object in dst[(signed long long int)i]: SUCCESS
[unsafe_str_copy.pointer_dereference.4] line 138 dereference failure: dead object in dst[(signed long long int)i]: SUCCESS
[unsafe_str_copy.pointer_dereference.5] line 138 dereference failure: pointer outside object bounds in dst[(signed long long int)i]: SUCCESS
[unsafe_str_copy.pointer_dereference.6] line 138 dereference failure: invalid integer address in dst[(signed long long int)i]: SUCCESS
[unsafe_str_copy.pointer_dereference.7] line 138 dereference failure: pointer NULL in src[(signed long long int)i]: SUCCESS
[unsafe_str_copy.pointer_dereference.8] line 138 dereference failure: pointer invalid in src[(signed long long int)i]: SUCCESS
[unsafe_str_copy.pointer_dereference.9] line 138 dereference failure: deallocated dynamic object in src[(signed long long int)i]: SUCCESS
[unsafe_str_copy.pointer_dereference.10] line 138 dereference failure: dead object in src[(signed long long int)i]: SUCCESS
[unsafe_str_copy.pointer_dereference.11] line 138 dereference failure: pointer outside object bounds in src[(signed long long int)i]: SUCCESS
[unsafe_str_copy.pointer_dereference.12] line 138 dereference failure: invalid integer address in src[(signed long long int)i]: SUCCESS
[unsafe_str_copy.pointer_dereference.13] line 139 dereference failure: pointer NULL in src[(signed long long int)i]: SUCCESS
[unsafe_str_copy.pointer_dereference.14] line 139 dereference failure: pointer invalid in src[(signed long long int)i]: SUCCESS
[unsafe_str_copy.pointer_dereference.15] line 139 dereference failure: deallocated dynamic object in src[(signed long long int)i]: SUCCESS
[unsafe_str_copy.pointer_dereference.16] line 139 dereference failure: dead object in src[(signed long long int)i]: SUCCESS
[unsafe_str_copy.pointer_dereference.17] line 139 dereference failure: pointer outside object bounds in src[(signed long long int)i]: SUCCESS
[unsafe_str_copy.pointer_dereference.18] line 139 dereference failure: invalid integer address in src[(signed long long int)i]: SUCCESS

E:\Testter\BAOCAOTESTNEW\CBMC_QA\CBMC_QA_Auto_Project\src\string_utils.c function unsafe_strlen
[unsafe_strlen.pointer_dereference.1] line 121 dereference failure: pointer NULL in s[(signed long long int)i]: SUCCESS
[unsafe_strlen.pointer_dereference.2] line 121 dereference failure: pointer invalid in s[(signed long long int)i]: SUCCESS
[unsafe_strlen.pointer_dereference.3] line 121 dereference failure: deallocated dynamic object in s[(signed long long int)i]: SUCCESS
[unsafe_strlen.pointer_dereference.4] line 121 dereference failure: dead object in s[(signed long long int)i]: SUCCESS
[unsafe_strlen.pointer_dereference.5] line 121 dereference failure: pointer outside object bounds in s[(signed long long int)i]: SUCCESS
[unsafe_strlen.pointer_dereference.6] line 121 dereference failure: invalid integer address in s[(signed long long int)i]: SUCCESS

E:\Testter\BAOCAOTESTNEW\CBMC_QA\CBMC_QA_Auto_Project\tests\tc02_safe_copy_exact_fit.c function main
[main.assertion.1] line 16 Exact fit phai return 0: SUCCESS
[main.assertion.2] line 17 Byte cuoi phai la null: SUCCESS

** 0 of 152 failed (1 iterations)
VERIFICATION SUCCESSFUL

tc02_safe_copy_exact_fit.c
string_utils.c
