CBMC version 6.8.0 (cbmc-6.8.0) 64-bit x86_64 windows
tc20_buggy_off_by_one.c
string_utils.c
Type-checking string_utils
Type-checking tc20_buggy_off_by_one
Generating GOTO Program
Adding CPROVER library (x86_64)
Removal of function pointers and virtual functions
Generic Property Instrumentation
Starting Bounded Model Checking
Passing problem to propositional reduction
converting SSA
Running propositional reduction
SAT checker: instance is SATISFIABLE
Building error trace

** Results:
E:\Testter\BAOCAOTESTNEW\CBMC_QA\CBMC_QA_Auto_Project\tests\cbmc_utils.h function assume_no_nul_prefix
[assume_no_nul_prefix.pointer_dereference.1] line 56 dereference failure: pointer NULL in s[(signed long long int)i]: SUCCESS
[assume_no_nul_prefix.pointer_dereference.2] line 56 dereference failure: pointer invalid in s[(signed long long int)i]: SUCCESS
[assume_no_nul_prefix.pointer_dereference.3] line 56 dereference failure: deallocated dynamic object in s[(signed long long int)i]: SUCCESS
[assume_no_nul_prefix.pointer_dereference.4] line 56 dereference failure: dead object in s[(signed long long int)i]: SUCCESS
[assume_no_nul_prefix.pointer_dereference.5] line 56 dereference failure: pointer outside object bounds in s[(signed long long int)i]: SUCCESS
[assume_no_nul_prefix.pointer_dereference.6] line 56 dereference failure: invalid integer address in s[(signed long long int)i]: SUCCESS

E:\Testter\BAOCAOTESTNEW\CBMC_QA\CBMC_QA_Auto_Project\tests\cbmc_utils.h function make_nondet_bytes
[make_nondet_bytes.pointer_dereference.1] line 32 dereference failure: pointer NULL in s[(signed long long int)i]: SUCCESS
[make_nondet_bytes.pointer_dereference.2] line 32 dereference failure: pointer invalid in s[(signed long long int)i]: SUCCESS
[make_nondet_bytes.pointer_dereference.3] line 32 dereference failure: deallocated dynamic object in s[(signed long long int)i]: SUCCESS
[make_nondet_bytes.pointer_dereference.4] line 32 dereference failure: dead object in s[(signed long long int)i]: SUCCESS
[make_nondet_bytes.pointer_dereference.5] line 32 dereference failure: pointer outside object bounds in s[(signed long long int)i]: SUCCESS
[make_nondet_bytes.pointer_dereference.6] line 32 dereference failure: invalid integer address in s[(signed long long int)i]: SUCCESS

src\string_utils.c function buggy_copy_off_by_one
[buggy_copy_off_by_one.pointer_dereference.1] line 181 dereference failure: pointer NULL in src[(signed long long int)i]: SUCCESS
[buggy_copy_off_by_one.pointer_dereference.2] line 181 dereference failure: pointer invalid in src[(signed long long int)i]: SUCCESS
[buggy_copy_off_by_one.pointer_dereference.3] line 181 dereference failure: deallocated dynamic object in src[(signed long long int)i]: SUCCESS
[buggy_copy_off_by_one.pointer_dereference.4] line 181 dereference failure: dead object in src[(signed long long int)i]: SUCCESS
[buggy_copy_off_by_one.pointer_dereference.5] line 181 dereference failure: pointer outside object bounds in src[(signed long long int)i]: SUCCESS
[buggy_copy_off_by_one.pointer_dereference.6] line 181 dereference failure: invalid integer address in src[(signed long long int)i]: SUCCESS
[buggy_copy_off_by_one.pointer_dereference.7] line 183 dereference failure: pointer NULL in dst[(signed long long int)i]: SUCCESS
[buggy_copy_off_by_one.pointer_dereference.8] line 183 dereference failure: pointer invalid in dst[(signed long long int)i]: SUCCESS
[buggy_copy_off_by_one.pointer_dereference.9] line 183 dereference failure: deallocated dynamic object in dst[(signed long long int)i]: SUCCESS
[buggy_copy_off_by_one.pointer_dereference.10] line 183 dereference failure: dead object in dst[(signed long long int)i]: SUCCESS
[buggy_copy_off_by_one.pointer_dereference.11] line 183 dereference failure: pointer outside object bounds in dst[(signed long long int)i]: SUCCESS
[buggy_copy_off_by_one.pointer_dereference.12] line 183 dereference failure: invalid integer address in dst[(signed long long int)i]: SUCCESS
[buggy_copy_off_by_one.pointer_dereference.13] line 183 dereference failure: pointer NULL in src[(signed long long int)i]: SUCCESS
[buggy_copy_off_by_one.pointer_dereference.14] line 183 dereference failure: pointer invalid in src[(signed long long int)i]: SUCCESS
[buggy_copy_off_by_one.pointer_dereference.15] line 183 dereference failure: deallocated dynamic object in src[(signed long long int)i]: SUCCESS
[buggy_copy_off_by_one.pointer_dereference.16] line 183 dereference failure: dead object in src[(signed long long int)i]: SUCCESS
[buggy_copy_off_by_one.pointer_dereference.17] line 183 dereference failure: pointer outside object bounds in src[(signed long long int)i]: SUCCESS
[buggy_copy_off_by_one.pointer_dereference.18] line 183 dereference failure: invalid integer address in src[(signed long long int)i]: SUCCESS
[buggy_copy_off_by_one.pointer_dereference.19] line 187 dereference failure: pointer NULL in dst[(signed long long int)dst_size]: SUCCESS
[buggy_copy_off_by_one.pointer_dereference.20] line 187 dereference failure: pointer invalid in dst[(signed long long int)dst_size]: SUCCESS
[buggy_copy_off_by_one.pointer_dereference.21] line 187 dereference failure: deallocated dynamic object in dst[(signed long long int)dst_size]: SUCCESS
[buggy_copy_off_by_one.pointer_dereference.22] line 187 dereference failure: dead object in dst[(signed long long int)dst_size]: SUCCESS
[buggy_copy_off_by_one.pointer_dereference.23] line 187 dereference failure: pointer outside object bounds in dst[(signed long long int)dst_size]: FAILURE
[buggy_copy_off_by_one.pointer_dereference.24] line 187 dereference failure: invalid integer address in dst[(signed long long int)dst_size]: UNKNOWN

src\string_utils.c function no_null_terminate_copy
[no_null_terminate_copy.pointer_dereference.1] line 207 dereference failure: pointer NULL in dst[(signed long long int)i]: SUCCESS
[no_null_terminate_copy.pointer_dereference.2] line 207 dereference failure: pointer invalid in dst[(signed long long int)i]: SUCCESS
[no_null_terminate_copy.pointer_dereference.3] line 207 dereference failure: deallocated dynamic object in dst[(signed long long int)i]: SUCCESS
[no_null_terminate_copy.pointer_dereference.4] line 207 dereference failure: dead object in dst[(signed long long int)i]: SUCCESS
[no_null_terminate_copy.pointer_dereference.5] line 207 dereference failure: pointer outside object bounds in dst[(signed long long int)i]: SUCCESS
[no_null_terminate_copy.pointer_dereference.6] line 207 dereference failure: invalid integer address in dst[(signed long long int)i]: SUCCESS
[no_null_terminate_copy.pointer_dereference.7] line 207 dereference failure: pointer NULL in src[(signed long long int)i]: SUCCESS
[no_null_terminate_copy.pointer_dereference.8] line 207 dereference failure: pointer invalid in src[(signed long long int)i]: SUCCESS
[no_null_terminate_copy.pointer_dereference.9] line 207 dereference failure: deallocated dynamic object in src[(signed long long int)i]: SUCCESS
[no_null_terminate_copy.pointer_dereference.10] line 207 dereference failure: dead object in src[(signed long long int)i]: SUCCESS
[no_null_terminate_copy.pointer_dereference.11] line 207 dereference failure: pointer outside object bounds in src[(signed long long int)i]: SUCCESS
[no_null_terminate_copy.pointer_dereference.12] line 207 dereference failure: invalid integer address in src[(signed long long int)i]: SUCCESS

src\string_utils.c function safe_str_concat
[safe_str_concat.pointer_dereference.1] line 74 dereference failure: pointer NULL in dst[(signed long long int)dlen]: SUCCESS
[safe_str_concat.pointer_dereference.2] line 74 dereference failure: pointer invalid in dst[(signed long long int)dlen]: SUCCESS
[safe_str_concat.pointer_dereference.3] line 74 dereference failure: deallocated dynamic object in dst[(signed long long int)dlen]: SUCCESS
[safe_str_concat.pointer_dereference.4] line 74 dereference failure: dead object in dst[(signed long long int)dlen]: SUCCESS
[safe_str_concat.pointer_dereference.5] line 74 dereference failure: pointer outside object bounds in dst[(signed long long int)dlen]: SUCCESS
[safe_str_concat.pointer_dereference.6] line 74 dereference failure: invalid integer address in dst[(signed long long int)dlen]: SUCCESS
[safe_str_concat.pointer_dereference.7] line 88 dereference failure: pointer NULL in src[(signed long long int)0]: SUCCESS
[safe_str_concat.pointer_dereference.8] line 88 dereference failure: pointer invalid in src[(signed long long int)0]: SUCCESS
[safe_str_concat.pointer_dereference.9] line 88 dereference failure: deallocated dynamic object in src[(signed long long int)0]: SUCCESS
[safe_str_concat.pointer_dereference.10] line 88 dereference failure: dead object in src[(signed long long int)0]: SUCCESS
[safe_str_concat.pointer_dereference.11] line 88 dereference failure: pointer outside object bounds in src[(signed long long int)0]: SUCCESS
[safe_str_concat.pointer_dereference.12] line 88 dereference failure: invalid integer address in src[(signed long long int)0]: SUCCESS
[safe_str_concat.pointer_dereference.13] line 92 dereference failure: pointer NULL in src[(signed long long int)i]: SUCCESS
[safe_str_concat.pointer_dereference.14] line 92 dereference failure: pointer invalid in src[(signed long long int)i]: SUCCESS
[safe_str_concat.pointer_dereference.15] line 92 dereference failure: deallocated dynamic object in src[(signed long long int)i]: SUCCESS
[safe_str_concat.pointer_dereference.16] line 92 dereference failure: dead object in src[(signed long long int)i]: SUCCESS
[safe_str_concat.pointer_dereference.17] line 92 dereference failure: pointer outside object bounds in src[(signed long long int)i]: SUCCESS
[safe_str_concat.pointer_dereference.18] line 92 dereference failure: invalid integer address in src[(signed long long int)i]: SUCCESS
[safe_str_concat.pointer_dereference.19] line 94 dereference failure: pointer NULL in dst[(signed long long int)dlen]: SUCCESS
[safe_str_concat.pointer_dereference.20] line 94 dereference failure: pointer invalid in dst[(signed long long int)dlen]: SUCCESS
[safe_str_concat.pointer_dereference.21] line 94 dereference failure: deallocated dynamic object in dst[(signed long long int)dlen]: SUCCESS
[safe_str_concat.pointer_dereference.22] line 94 dereference failure: dead object in dst[(signed long long int)dlen]: SUCCESS
[safe_str_concat.pointer_dereference.23] line 94 dereference failure: pointer outside object bounds in dst[(signed long long int)dlen]: SUCCESS
[safe_str_concat.pointer_dereference.24] line 94 dereference failure: invalid integer address in dst[(signed long long int)dlen]: SUCCESS
[safe_str_concat.pointer_dereference.25] line 94 dereference failure: pointer NULL in src[(signed long long int)i]: SUCCESS
[safe_str_concat.pointer_dereference.26] line 94 dereference failure: pointer invalid in src[(signed long long int)i]: SUCCESS
[safe_str_concat.pointer_dereference.27] line 94 dereference failure: deallocated dynamic object in src[(signed long long int)i]: SUCCESS
[safe_str_concat.pointer_dereference.28] line 94 dereference failure: dead object in src[(signed long long int)i]: SUCCESS
[safe_str_concat.pointer_dereference.29] line 94 dereference failure: pointer outside object bounds in src[(signed long long int)i]: SUCCESS
[safe_str_concat.pointer_dereference.30] line 94 dereference failure: invalid integer address in src[(signed long long int)i]: SUCCESS
[safe_str_concat.pointer_dereference.31] line 99 dereference failure: pointer NULL in dst[(signed long long int)dlen]: SUCCESS
[safe_str_concat.pointer_dereference.32] line 99 dereference failure: pointer invalid in dst[(signed long long int)dlen]: SUCCESS
[safe_str_concat.pointer_dereference.33] line 99 dereference failure: deallocated dynamic object in dst[(signed long long int)dlen]: SUCCESS
[safe_str_concat.pointer_dereference.34] line 99 dereference failure: dead object in dst[(signed long long int)dlen]: SUCCESS
[safe_str_concat.pointer_dereference.35] line 99 dereference failure: pointer outside object bounds in dst[(signed long long int)dlen]: SUCCESS
[safe_str_concat.pointer_dereference.36] line 99 dereference failure: invalid integer address in dst[(signed long long int)dlen]: SUCCESS
[safe_str_concat.pointer_dereference.37] line 101 dereference failure: pointer NULL in src[(signed long long int)i]: SUCCESS
[safe_str_concat.pointer_dereference.38] line 101 dereference failure: pointer invalid in src[(signed long long int)i]: SUCCESS
[safe_str_concat.pointer_dereference.39] line 101 dereference failure: deallocated dynamic object in src[(signed long long int)i]: SUCCESS
[safe_str_concat.pointer_dereference.40] line 101 dereference failure: dead object in src[(signed long long int)i]: SUCCESS
[safe_str_concat.pointer_dereference.41] line 101 dereference failure: pointer outside object bounds in src[(signed long long int)i]: SUCCESS
[safe_str_concat.pointer_dereference.42] line 101 dereference failure: invalid integer address in src[(signed long long int)i]: SUCCESS

src\string_utils.c function safe_str_copy
[safe_str_copy.pointer_dereference.1] line 40 dereference failure: pointer NULL in src[(signed long long int)i]: SUCCESS
[safe_str_copy.pointer_dereference.2] line 40 dereference failure: pointer invalid in src[(signed long long int)i]: SUCCESS
[safe_str_copy.pointer_dereference.3] line 40 dereference failure: deallocated dynamic object in src[(signed long long int)i]: SUCCESS
[safe_str_copy.pointer_dereference.4] line 40 dereference failure: dead object in src[(signed long long int)i]: SUCCESS
[safe_str_copy.pointer_dereference.5] line 40 dereference failure: pointer outside object bounds in src[(signed long long int)i]: SUCCESS
[safe_str_copy.pointer_dereference.6] line 40 dereference failure: invalid integer address in src[(signed long long int)i]: SUCCESS
[safe_str_copy.pointer_dereference.7] line 42 dereference failure: pointer NULL in dst[(signed long long int)i]: SUCCESS
[safe_str_copy.pointer_dereference.8] line 42 dereference failure: pointer invalid in dst[(signed long long int)i]: SUCCESS
[safe_str_copy.pointer_dereference.9] line 42 dereference failure: deallocated dynamic object in dst[(signed long long int)i]: SUCCESS
[safe_str_copy.pointer_dereference.10] line 42 dereference failure: dead object in dst[(signed long long int)i]: SUCCESS
[safe_str_copy.pointer_dereference.11] line 42 dereference failure: pointer outside object bounds in dst[(signed long long int)i]: SUCCESS
[safe_str_copy.pointer_dereference.12] line 42 dereference failure: invalid integer address in dst[(signed long long int)i]: SUCCESS
[safe_str_copy.pointer_dereference.13] line 42 dereference failure: pointer NULL in src[(signed long long int)i]: SUCCESS
[safe_str_copy.pointer_dereference.14] line 42 dereference failure: pointer invalid in src[(signed long long int)i]: SUCCESS
[safe_str_copy.pointer_dereference.15] line 42 dereference failure: deallocated dynamic object in src[(signed long long int)i]: SUCCESS
[safe_str_copy.pointer_dereference.16] line 42 dereference failure: dead object in src[(signed long long int)i]: SUCCESS
[safe_str_copy.pointer_dereference.17] line 42 dereference failure: pointer outside object bounds in src[(signed long long int)i]: SUCCESS
[safe_str_copy.pointer_dereference.18] line 42 dereference failure: invalid integer address in src[(signed long long int)i]: SUCCESS
[safe_str_copy.pointer_dereference.19] line 47 dereference failure: pointer NULL in dst[(signed long long int)i]: SUCCESS
[safe_str_copy.pointer_dereference.20] line 47 dereference failure: pointer invalid in dst[(signed long long int)i]: SUCCESS
[safe_str_copy.pointer_dereference.21] line 47 dereference failure: deallocated dynamic object in dst[(signed long long int)i]: SUCCESS
[safe_str_copy.pointer_dereference.22] line 47 dereference failure: dead object in dst[(signed long long int)i]: SUCCESS
[safe_str_copy.pointer_dereference.23] line 47 dereference failure: pointer outside object bounds in dst[(signed long long int)i]: SUCCESS
[safe_str_copy.pointer_dereference.24] line 47 dereference failure: invalid integer address in dst[(signed long long int)i]: SUCCESS
[safe_str_copy.pointer_dereference.25] line 50 dereference failure: pointer NULL in src[(signed long long int)i]: SUCCESS
[safe_str_copy.pointer_dereference.26] line 50 dereference failure: pointer invalid in src[(signed long long int)i]: SUCCESS
[safe_str_copy.pointer_dereference.27] line 50 dereference failure: deallocated dynamic object in src[(signed long long int)i]: SUCCESS
[safe_str_copy.pointer_dereference.28] line 50 dereference failure: dead object in src[(signed long long int)i]: SUCCESS
[safe_str_copy.pointer_dereference.29] line 50 dereference failure: pointer outside object bounds in src[(signed long long int)i]: SUCCESS
[safe_str_copy.pointer_dereference.30] line 50 dereference failure: invalid integer address in src[(signed long long int)i]: SUCCESS

src\string_utils.c function unsafe_str_concat
[unsafe_str_concat.pointer_dereference.1] line 159 dereference failure: pointer NULL in dst[(signed long long int)(dlen + i)]: SUCCESS
[unsafe_str_concat.pointer_dereference.2] line 159 dereference failure: pointer invalid in dst[(signed long long int)(dlen + i)]: SUCCESS
[unsafe_str_concat.pointer_dereference.3] line 159 dereference failure: deallocated dynamic object in dst[(signed long long int)(dlen + i)]: SUCCESS
[unsafe_str_concat.pointer_dereference.4] line 159 dereference failure: dead object in dst[(signed long long int)(dlen + i)]: SUCCESS
[unsafe_str_concat.pointer_dereference.5] line 159 dereference failure: pointer outside object bounds in dst[(signed long long int)(dlen + i)]: SUCCESS
[unsafe_str_concat.pointer_dereference.6] line 159 dereference failure: invalid integer address in dst[(signed long long int)(dlen + i)]: SUCCESS
[unsafe_str_concat.pointer_dereference.7] line 159 dereference failure: pointer NULL in src[(signed long long int)i]: SUCCESS
[unsafe_str_concat.pointer_dereference.8] line 159 dereference failure: pointer invalid in src[(signed long long int)i]: SUCCESS
[unsafe_str_concat.pointer_dereference.9] line 159 dereference failure: deallocated dynamic object in src[(signed long long int)i]: SUCCESS
[unsafe_str_concat.pointer_dereference.10] line 159 dereference failure: dead object in src[(signed long long int)i]: SUCCESS
[unsafe_str_concat.pointer_dereference.11] line 159 dereference failure: pointer outside object bounds in src[(signed long long int)i]: SUCCESS
[unsafe_str_concat.pointer_dereference.12] line 159 dereference failure: invalid integer address in src[(signed long long int)i]: SUCCESS
[unsafe_str_concat.pointer_dereference.13] line 160 dereference failure: pointer NULL in src[(signed long long int)i]: SUCCESS
[unsafe_str_concat.pointer_dereference.14] line 160 dereference failure: pointer invalid in src[(signed long long int)i]: SUCCESS
[unsafe_str_concat.pointer_dereference.15] line 160 dereference failure: deallocated dynamic object in src[(signed long long int)i]: SUCCESS
[unsafe_str_concat.pointer_dereference.16] line 160 dereference failure: dead object in src[(signed long long int)i]: SUCCESS
[unsafe_str_concat.pointer_dereference.17] line 160 dereference failure: pointer outside object bounds in src[(signed long long int)i]: SUCCESS
[unsafe_str_concat.pointer_dereference.18] line 160 dereference failure: invalid integer address in src[(signed long long int)i]: SUCCESS

src\string_utils.c function unsafe_str_copy
[unsafe_str_copy.pointer_dereference.1] line 138 dereference failure: pointer NULL in dst[(signed long long int)i]: SUCCESS
[unsafe_str_copy.pointer_dereference.2] line 138 dereference failure: pointer invalid in dst[(signed long long int)i]: SUCCESS
[unsafe_str_copy.pointer_dereference.3] line 138 dereference failure: deallocated dynamic object in dst[(signed long long int)i]: SUCCESS
[unsafe_str_copy.pointer_dereference.4] line 138 dereference failure: dead object in dst[(signed long long int)i]: SUCCESS
[unsafe_str_copy.pointer_dereference.5] line 138 dereference failure: pointer outside object bounds in dst[(signed long long int)i]: SUCCESS
[unsafe_str_copy.pointer_dereference.6] line 138 dereference failure: invalid integer address in dst[(signed long long int)i]: SUCCESS
[unsafe_str_copy.pointer_dereference.7] line 138 dereference failure: pointer NULL in src[(signed long long int)i]: SUCCESS
[unsafe_str_copy.pointer_dereference.8] line 138 dereference failure: pointer invalid in src[(signed long long int)i]: SUCCESS
[unsafe_str_copy.pointer_dereference.9] line 138 dereference failure: deallocated dynamic object in src[(signed long long int)i]: SUCCESS
[unsafe_str_copy.pointer_dereference.10] line 138 dereference failure: dead object in src[(signed long long int)i]: SUCCESS
[unsafe_str_copy.pointer_dereference.11] line 138 dereference failure: pointer outside object bounds in src[(signed long long int)i]: SUCCESS
[unsafe_str_copy.pointer_dereference.12] line 138 dereference failure: invalid integer address in src[(signed long long int)i]: SUCCESS
[unsafe_str_copy.pointer_dereference.13] line 139 dereference failure: pointer NULL in src[(signed long long int)i]: SUCCESS
[unsafe_str_copy.pointer_dereference.14] line 139 dereference failure: pointer invalid in src[(signed long long int)i]: SUCCESS
[unsafe_str_copy.pointer_dereference.15] line 139 dereference failure: deallocated dynamic object in src[(signed long long int)i]: SUCCESS
[unsafe_str_copy.pointer_dereference.16] line 139 dereference failure: dead object in src[(signed long long int)i]: SUCCESS
[unsafe_str_copy.pointer_dereference.17] line 139 dereference failure: pointer outside object bounds in src[(signed long long int)i]: SUCCESS
[unsafe_str_copy.pointer_dereference.18] line 139 dereference failure: invalid integer address in src[(signed long long int)i]: SUCCESS

src\string_utils.c function unsafe_strlen
[unsafe_strlen.pointer_dereference.1] line 121 dereference failure: pointer NULL in s[(signed long long int)i]: SUCCESS
[unsafe_strlen.pointer_dereference.2] line 121 dereference failure: pointer invalid in s[(signed long long int)i]: SUCCESS
[unsafe_strlen.pointer_dereference.3] line 121 dereference failure: deallocated dynamic object in s[(signed long long int)i]: SUCCESS
[unsafe_strlen.pointer_dereference.4] line 121 dereference failure: dead object in s[(signed long long int)i]: SUCCESS
[unsafe_strlen.pointer_dereference.5] line 121 dereference failure: pointer outside object bounds in s[(signed long long int)i]: SUCCESS
[unsafe_strlen.pointer_dereference.6] line 121 dereference failure: invalid integer address in s[(signed long long int)i]: SUCCESS

Trace for buggy_copy_off_by_one.pointer_dereference.23:

State 11 file tests\tc20_buggy_off_by_one.c function main line 13 thread 0
----------------------------------------------------
  dst={ 0, 0, 0, 0, 0, 0, 0, 0 } ({ 00000000, 00000000, 00000000, 00000000, 00000000, 00000000, 00000000, 00000000 })

State 12 file tests\tc20_buggy_off_by_one.c function main line 14 thread 0
----------------------------------------------------
  src={ 0, 0, 0, 0, 0, 0, 0, 0 } ({ 00000000, 00000000, 00000000, 00000000, 00000000, 00000000, 00000000, 00000000 })

State 15 file tests\tc20_buggy_off_by_one.c function main line 16 thread 0
----------------------------------------------------
  s=src!0@1 (00000010 00000000 00000000 00000000 00000000 00000000 00000000 00000000)

State 16 file tests\tc20_buggy_off_by_one.c function main line 16 thread 0
----------------------------------------------------
  n=8ull (00000000 00000000 00000000 00000000 00000000 00000000 00000000 00001000)

State 18 file E:\Testter\BAOCAOTESTNEW\CBMC_QA\CBMC_QA_Auto_Project\tests\cbmc_utils.h function make_nondet_bytes line 30 thread 0
----------------------------------------------------
  i=0ull (00000000 00000000 00000000 00000000 00000000 00000000 00000000 00000000)

State 21 file E:\Testter\BAOCAOTESTNEW\CBMC_QA\CBMC_QA_Auto_Project\tests\cbmc_utils.h function make_nondet_bytes line 32 thread 0
----------------------------------------------------
  return_value_nondet_uchar=64 (01000000)

State 22 file E:\Testter\BAOCAOTESTNEW\CBMC_QA\CBMC_QA_Auto_Project\tests\cbmc_utils.h function make_nondet_bytes line 32 thread 0
----------------------------------------------------
  src[0ll]='@' (01000000)

State 23 file E:\Testter\BAOCAOTESTNEW\CBMC_QA\CBMC_QA_Auto_Project\tests\cbmc_utils.h function make_nondet_bytes line 30 thread 0
----------------------------------------------------
  i=1ull (00000000 00000000 00000000 00000000 00000000 00000000 00000000 00000001)

State 27 file E:\Testter\BAOCAOTESTNEW\CBMC_QA\CBMC_QA_Auto_Project\tests\cbmc_utils.h function make_nondet_bytes line 32 thread 0
----------------------------------------------------
  return_value_nondet_uchar=32 (00100000)

State 28 file E:\Testter\BAOCAOTESTNEW\CBMC_QA\CBMC_QA_Auto_Project\tests\cbmc_utils.h function make_nondet_bytes line 32 thread 0
----------------------------------------------------
  src[1ll]=' ' (00100000)

State 29 file E:\Testter\BAOCAOTESTNEW\CBMC_QA\CBMC_QA_Auto_Project\tests\cbmc_utils.h function make_nondet_bytes line 30 thread 0
----------------------------------------------------
  i=2ull (00000000 00000000 00000000 00000000 00000000 00000000 00000000 00000010)

State 33 file E:\Testter\BAOCAOTESTNEW\CBMC_QA\CBMC_QA_Auto_Project\tests\cbmc_utils.h function make_nondet_bytes line 32 thread 0
----------------------------------------------------
  return_value_nondet_uchar=2 (00000010)

State 34 file E:\Testter\BAOCAOTESTNEW\CBMC_QA\CBMC_QA_Auto_Project\tests\cbmc_utils.h function make_nondet_bytes line 32 thread 0
----------------------------------------------------
  src[2ll]=2 (00000010)

State 35 file E:\Testter\BAOCAOTESTNEW\CBMC_QA\CBMC_QA_Auto_Project\tests\cbmc_utils.h function make_nondet_bytes line 30 thread 0
----------------------------------------------------
  i=3ull (00000000 00000000 00000000 00000000 00000000 00000000 00000000 00000011)

State 39 file E:\Testter\BAOCAOTESTNEW\CBMC_QA\CBMC_QA_Auto_Project\tests\cbmc_utils.h function make_nondet_bytes line 32 thread 0
----------------------------------------------------
  return_value_nondet_uchar=64 (01000000)

State 40 file E:\Testter\BAOCAOTESTNEW\CBMC_QA\CBMC_QA_Auto_Project\tests\cbmc_utils.h function make_nondet_bytes line 32 thread 0
----------------------------------------------------
  src[3ll]='@' (01000000)

State 41 file E:\Testter\BAOCAOTESTNEW\CBMC_QA\CBMC_QA_Auto_Project\tests\cbmc_utils.h function make_nondet_bytes line 30 thread 0
----------------------------------------------------
  i=4ull (00000000 00000000 00000000 00000000 00000000 00000000 00000000 00000100)

State 45 file E:\Testter\BAOCAOTESTNEW\CBMC_QA\CBMC_QA_Auto_Project\tests\cbmc_utils.h function make_nondet_bytes line 32 thread 0
----------------------------------------------------
  return_value_nondet_uchar=8 (00001000)

State 46 file E:\Testter\BAOCAOTESTNEW\CBMC_QA\CBMC_QA_Auto_Project\tests\cbmc_utils.h function make_nondet_bytes line 32 thread 0
----------------------------------------------------
  src[4ll]=8 (00001000)

State 47 file E:\Testter\BAOCAOTESTNEW\CBMC_QA\CBMC_QA_Auto_Project\tests\cbmc_utils.h function make_nondet_bytes line 30 thread 0
----------------------------------------------------
  i=5ull (00000000 00000000 00000000 00000000 00000000 00000000 00000000 00000101)

State 51 file E:\Testter\BAOCAOTESTNEW\CBMC_QA\CBMC_QA_Auto_Project\tests\cbmc_utils.h function make_nondet_bytes line 32 thread 0
----------------------------------------------------
  return_value_nondet_uchar=32 (00100000)

State 52 file E:\Testter\BAOCAOTESTNEW\CBMC_QA\CBMC_QA_Auto_Project\tests\cbmc_utils.h function make_nondet_bytes line 32 thread 0
----------------------------------------------------
  src[5ll]=' ' (00100000)

State 53 file E:\Testter\BAOCAOTESTNEW\CBMC_QA\CBMC_QA_Auto_Project\tests\cbmc_utils.h function make_nondet_bytes line 30 thread 0
----------------------------------------------------
  i=6ull (00000000 00000000 00000000 00000000 00000000 00000000 00000000 00000110)

State 57 file E:\Testter\BAOCAOTESTNEW\CBMC_QA\CBMC_QA_Auto_Project\tests\cbmc_utils.h function make_nondet_bytes line 32 thread 0
----------------------------------------------------
  return_value_nondet_uchar=32 (00100000)

State 58 file E:\Testter\BAOCAOTESTNEW\CBMC_QA\CBMC_QA_Auto_Project\tests\cbmc_utils.h function make_nondet_bytes line 32 thread 0
----------------------------------------------------
  src[6ll]=' ' (00100000)

State 59 file E:\Testter\BAOCAOTESTNEW\CBMC_QA\CBMC_QA_Auto_Project\tests\cbmc_utils.h function make_nondet_bytes line 30 thread 0
----------------------------------------------------
  i=7ull (00000000 00000000 00000000 00000000 00000000 00000000 00000000 00000111)

State 63 file E:\Testter\BAOCAOTESTNEW\CBMC_QA\CBMC_QA_Auto_Project\tests\cbmc_utils.h function make_nondet_bytes line 32 thread 0
----------------------------------------------------
  return_value_nondet_uchar=0 (00000000)

State 64 file E:\Testter\BAOCAOTESTNEW\CBMC_QA\CBMC_QA_Auto_Project\tests\cbmc_utils.h function make_nondet_bytes line 32 thread 0
----------------------------------------------------
  src[7ll]=0 (00000000)

State 65 file E:\Testter\BAOCAOTESTNEW\CBMC_QA\CBMC_QA_Auto_Project\tests\cbmc_utils.h function make_nondet_bytes line 30 thread 0
----------------------------------------------------
  i=8ull (00000000 00000000 00000000 00000000 00000000 00000000 00000000 00001000)

State 71 file tests\tc20_buggy_off_by_one.c function main line 17 thread 0
----------------------------------------------------
  s=src!0@1 (00000010 00000000 00000000 00000000 00000000 00000000 00000000 00000000)

State 72 file tests\tc20_buggy_off_by_one.c function main line 17 thread 0
----------------------------------------------------
  n=7ull (00000000 00000000 00000000 00000000 00000000 00000000 00000000 00000111)

State 74 file E:\Testter\BAOCAOTESTNEW\CBMC_QA\CBMC_QA_Auto_Project\tests\cbmc_utils.h function assume_no_nul_prefix line 54 thread 0
----------------------------------------------------
  i=0ull (00000000 00000000 00000000 00000000 00000000 00000000 00000000 00000000)

Assumption:
  file E:\Testter\BAOCAOTESTNEW\CBMC_QA\CBMC_QA_Auto_Project\tests\cbmc_utils.h line 56 function assume_no_nul_prefix
  (__CPROVER_bool)(signed int)((signed int)s[(signed long long int)i] != 0)

State 77 file E:\Testter\BAOCAOTESTNEW\CBMC_QA\CBMC_QA_Auto_Project\tests\cbmc_utils.h function assume_no_nul_prefix line 54 thread 0
----------------------------------------------------
  i=1ull (00000000 00000000 00000000 00000000 00000000 00000000 00000000 00000001)

Assumption:
  file E:\Testter\BAOCAOTESTNEW\CBMC_QA\CBMC_QA_Auto_Project\tests\cbmc_utils.h line 56 function assume_no_nul_prefix
  (__CPROVER_bool)(signed int)((signed int)s[(signed long long int)i] != 0)

State 81 file E:\Testter\BAOCAOTESTNEW\CBMC_QA\CBMC_QA_Auto_Project\tests\cbmc_utils.h function assume_no_nul_prefix line 54 thread 0
----------------------------------------------------
  i=2ull (00000000 00000000 00000000 00000000 00000000 00000000 00000000 00000010)

Assumption:
  file E:\Testter\BAOCAOTESTNEW\CBMC_QA\CBMC_QA_Auto_Project\tests\cbmc_utils.h line 56 function assume_no_nul_prefix
  (__CPROVER_bool)(signed int)((signed int)s[(signed long long int)i] != 0)

State 85 file E:\Testter\BAOCAOTESTNEW\CBMC_QA\CBMC_QA_Auto_Project\tests\cbmc_utils.h function assume_no_nul_prefix line 54 thread 0
----------------------------------------------------
  i=3ull (00000000 00000000 00000000 00000000 00000000 00000000 00000000 00000011)

Assumption:
  file E:\Testter\BAOCAOTESTNEW\CBMC_QA\CBMC_QA_Auto_Project\tests\cbmc_utils.h line 56 function assume_no_nul_prefix
  (__CPROVER_bool)(signed int)((signed int)s[(signed long long int)i] != 0)

State 89 file E:\Testter\BAOCAOTESTNEW\CBMC_QA\CBMC_QA_Auto_Project\tests\cbmc_utils.h function assume_no_nul_prefix line 54 thread 0
----------------------------------------------------
  i=4ull (00000000 00000000 00000000 00000000 00000000 00000000 00000000 00000100)

Assumption:
  file E:\Testter\BAOCAOTESTNEW\CBMC_QA\CBMC_QA_Auto_Project\tests\cbmc_utils.h line 56 function assume_no_nul_prefix
  (__CPROVER_bool)(signed int)((signed int)s[(signed long long int)i] != 0)

State 93 file E:\Testter\BAOCAOTESTNEW\CBMC_QA\CBMC_QA_Auto_Project\tests\cbmc_utils.h function assume_no_nul_prefix line 54 thread 0
----------------------------------------------------
  i=5ull (00000000 00000000 00000000 00000000 00000000 00000000 00000000 00000101)

Assumption:
  file E:\Testter\BAOCAOTESTNEW\CBMC_QA\CBMC_QA_Auto_Project\tests\cbmc_utils.h line 56 function assume_no_nul_prefix
  (__CPROVER_bool)(signed int)((signed int)s[(signed long long int)i] != 0)

State 97 file E:\Testter\BAOCAOTESTNEW\CBMC_QA\CBMC_QA_Auto_Project\tests\cbmc_utils.h function assume_no_nul_prefix line 54 thread 0
----------------------------------------------------
  i=6ull (00000000 00000000 00000000 00000000 00000000 00000000 00000000 00000110)

Assumption:
  file E:\Testter\BAOCAOTESTNEW\CBMC_QA\CBMC_QA_Auto_Project\tests\cbmc_utils.h line 56 function assume_no_nul_prefix
  (__CPROVER_bool)(signed int)((signed int)s[(signed long long int)i] != 0)

State 101 file E:\Testter\BAOCAOTESTNEW\CBMC_QA\CBMC_QA_Auto_Project\tests\cbmc_utils.h function assume_no_nul_prefix line 54 thread 0
----------------------------------------------------
  i=7ull (00000000 00000000 00000000 00000000 00000000 00000000 00000000 00000111)

State 105 file tests\tc20_buggy_off_by_one.c function main line 18 thread 0
----------------------------------------------------
  src[7ll]=0 (00000000)

State 108 file tests\tc20_buggy_off_by_one.c function main line 20 thread 0
----------------------------------------------------
  dst=dst!0@1 (00000011 00000000 00000000 00000000 00000000 00000000 00000000 00000000)

State 109 file tests\tc20_buggy_off_by_one.c function main line 20 thread 0
----------------------------------------------------
  dst_size=8ull (00000000 00000000 00000000 00000000 00000000 00000000 00000000 00001000)

State 110 file tests\tc20_buggy_off_by_one.c function main line 20 thread 0
----------------------------------------------------
  src=src!0@1 (00000010 00000000 00000000 00000000 00000000 00000000 00000000 00000000)

State 113 file src\string_utils.c function buggy_copy_off_by_one line 180 thread 0
----------------------------------------------------
  i=0ull (00000000 00000000 00000000 00000000 00000000 00000000 00000000 00000000)

State 115 file src\string_utils.c function buggy_copy_off_by_one line 183 thread 0
----------------------------------------------------
  dst[0ll]='@' (01000000)

State 116 file src\string_utils.c function buggy_copy_off_by_one line 184 thread 0
----------------------------------------------------
  i=1ull (00000000 00000000 00000000 00000000 00000000 00000000 00000000 00000001)

State 119 file src\string_utils.c function buggy_copy_off_by_one line 183 thread 0
----------------------------------------------------
  dst[1ll]=' ' (00100000)

State 120 file src\string_utils.c function buggy_copy_off_by_one line 184 thread 0
----------------------------------------------------
  i=2ull (00000000 00000000 00000000 00000000 00000000 00000000 00000000 00000010)

State 123 file src\string_utils.c function buggy_copy_off_by_one line 183 thread 0
----------------------------------------------------
  dst[2ll]=2 (00000010)

State 124 file src\string_utils.c function buggy_copy_off_by_one line 184 thread 0
----------------------------------------------------
  i=3ull (00000000 00000000 00000000 00000000 00000000 00000000 00000000 00000011)

State 127 file src\string_utils.c function buggy_copy_off_by_one line 183 thread 0
----------------------------------------------------
  dst[3ll]='@' (01000000)

State 128 file src\string_utils.c function buggy_copy_off_by_one line 184 thread 0
----------------------------------------------------
  i=4ull (00000000 00000000 00000000 00000000 00000000 00000000 00000000 00000100)

State 131 file src\string_utils.c function buggy_copy_off_by_one line 183 thread 0
----------------------------------------------------
  dst[4ll]=8 (00001000)

State 132 file src\string_utils.c function buggy_copy_off_by_one line 184 thread 0
----------------------------------------------------
  i=5ull (00000000 00000000 00000000 00000000 00000000 00000000 00000000 00000101)

State 135 file src\string_utils.c function buggy_copy_off_by_one line 183 thread 0
----------------------------------------------------
  dst[5ll]=' ' (00100000)

State 136 file src\string_utils.c function buggy_copy_off_by_one line 184 thread 0
----------------------------------------------------
  i=6ull (00000000 00000000 00000000 00000000 00000000 00000000 00000000 00000110)

State 139 file src\string_utils.c function buggy_copy_off_by_one line 183 thread 0
----------------------------------------------------
  dst[6ll]=' ' (00100000)

State 140 file src\string_utils.c function buggy_copy_off_by_one line 184 thread 0
----------------------------------------------------
  i=7ull (00000000 00000000 00000000 00000000 00000000 00000000 00000000 00000111)

Violated property:
  file src\string_utils.c function buggy_copy_off_by_one line 187 thread 0
  dereference failure: pointer outside object bounds in dst[(signed long long int)dst_size]
  (unsigned __CPROVER_bitvector[65])__CPROVER_OBJECT_SIZE(dst) >= (unsigned __CPROVER_bitvector[65])(__CPROVER_POINTER_OFFSET(dst) + (unsigned long long int)(signed long long int)dst_size) + 1



** 1 of 162 failed (2 iterations)
VERIFICATION FAILED
